<?xml version="1.0" encoding="UTF-8"?>
<testsuites name="TestSuit 1" time="36.066" tests="2" failures="0" errors="0">
   <testsuite name="TestSuit 1" tests="2" failures="0" errors="0" time="36.066" skipped="0" timestamp="2023-03-01 18:53:22" hostname="pumud - 192.168.1.105" id="Test Suites/TestSuit 1">
      <properties>
         <property name="deviceName" value=""/>
         <property name="devicePlatform" value=""/>
         <property name="logFolder" value="C:\\Users\\pumud\\OneDrive\\Documents\\Katalon studio\\TrainingProject\\Reports\\20230301_185320\\TestSuit 1\\20230301_185320"/>
         <property name="logFiles" value="C:\\Users\\pumud\\OneDrive\\Documents\\Katalon studio\\TrainingProject\\Reports\\20230301_185320\\TestSuit 1\\20230301_185320\\execution0.log"/>
         <property name="attachments" value=""/>
         <property name="hostName" value="pumud - 192.168.1.105"/>
         <property name="os" value="Windows 10 64bit"/>
         <property name="katalonVersion" value="8.5.5.208"/>
         <property name="browser" value="Chrome 110.0.0.0"/>
         <property name="hostAddress" value="192.168.1.105"/>
         <property name="sessionId" value="cf1455dce33ecdefe7632c7c098a4902"/>
         <property name="seleniumVersion" value="3.141.59"/>
         <property name="proxyInformation" value="ProxyInformation { proxyOption=NO_PROXY, proxyServerType=HTTP, username=, password=********, proxyServerAddress=, proxyServerPort=0, executionList=&quot;&quot;, isApplyToDesiredCapabilities=true }"/>
         <property name="platform" value="Windows 10"/>
      </properties>
      <testcase name="Test Cases/Demo/Manual Mode" time="20.795" classname="Test Cases/Demo/Manual Mode" status="PASSED">
         <system-out><![CDATA[2023-03-01 18:53:23 - [TEST_CASE][PASSED] - Test Cases/Demo/Manual Mode: Test Cases/Demo/Manual Mode

2023-03-01 18:53:23 - [TEST_STEP][PASSED] - openBrowser(""): Browser is opened with url: ''

2023-03-01 18:53:23 - [MESSAGE][INFO] - Starting 'Chrome' driver

2023-03-01 18:53:23 - [MESSAGE][INFO] - Action delay is set to 0 milliseconds

2023-03-01 18:53:25 - [MESSAGE][PASSED] - Browser is opened with url: ''

2023-03-01 18:53:25 - [TEST_STEP][PASSED] - navigateToUrl("https://opensource-demo.orangehrmlive.com/"): Navigate to 'https://opensource-demo.orangehrmlive.com/' successfully

2023-03-01 18:53:39 - [MESSAGE][PASSED] - Navigate to 'https://opensource-demo.orangehrmlive.com/' successfully

2023-03-01 18:53:39 - [TEST_STEP][PASSED] - setText(findTestObject("Page_OrangeHRM/input_Username_username"), "Admin"): Text 'Admin' is set on object 'Object Repository/Page_OrangeHRM/input_Username_username'

2023-03-01 18:53:41 - [MESSAGE][PASSED] - Text 'Admin' is set on object 'Object Repository/Page_OrangeHRM/input_Username_username'

2023-03-01 18:53:41 - [TEST_STEP][PASSED] - setEncryptedText(findTestObject("Page_OrangeHRM/input_Password_password"), "hUKwJTbofgPU9eVlw/CnDQ=="): Text ****** has been set on object 'Object Repository/Page_OrangeHRM/input_Password_password'

2023-03-01 18:53:41 - [MESSAGE][PASSED] - Text ****** has been set on object 'Object Repository/Page_OrangeHRM/input_Password_password'

2023-03-01 18:53:41 - [TEST_STEP][PASSED] - click(findTestObject("Page_OrangeHRM/button_Login")): Object: 'Object Repository/Page_OrangeHRM/button_Login' is clicked on

2023-03-01 18:53:43 - [MESSAGE][PASSED] - Object: 'Object Repository/Page_OrangeHRM/button_Login' is clicked on]]></system-out>
         <system-err><![CDATA[]]></system-err>
      </testcase>
      <testcase name="Test Cases/Demo/Script Mode" time="14.94" classname="Test Cases/Demo/Script Mode" status="PASSED">
         <system-out><![CDATA[2023-03-01 18:53:43 - [TEST_CASE][PASSED] - Test Cases/Demo/Script Mode: Test Cases/Demo/Script Mode

2023-03-01 18:53:44 - [TEST_STEP][PASSED] - openBrowser(""): Browser is opened with url: ''

2023-03-01 18:53:44 - [MESSAGE][WARNING] - A browser is already opened. Closing browser and opening a new one

2023-03-01 18:53:45 - [MESSAGE][INFO] - Starting 'Chrome' driver

2023-03-01 18:53:45 - [MESSAGE][INFO] - Action delay is set to 0 milliseconds

2023-03-01 18:53:46 - [MESSAGE][PASSED] - Browser is opened with url: ''

2023-03-01 18:53:46 - [TEST_STEP][PASSED] - navigateToUrl("https://opensource-demo.orangehrmlive.com/"): Navigate to 'https://opensource-demo.orangehrmlive.com/' successfully

2023-03-01 18:53:55 - [MESSAGE][PASSED] - Navigate to 'https://opensource-demo.orangehrmlive.com/' successfully

2023-03-01 18:53:55 - [TEST_STEP][PASSED] - setText(findTestObject("Object Repository/Page_OrangeHRM/input_Username_username"), Username): Text 'Admin
' is set on object 'Object Repository/Page_OrangeHRM/input_Username_username'

2023-03-01 18:53:57 - [MESSAGE][PASSED] - Text 'Admin
' is set on object 'Object Repository/Page_OrangeHRM/input_Username_username'

2023-03-01 18:53:57 - [TEST_STEP][PASSED] - setEncryptedText(findTestObject("Object Repository/Page_OrangeHRM/input_Password_password"), "hUKwJTbofgPU9eVlw/CnDQ=="): Text ****** has been set on object 'Object Repository/Page_OrangeHRM/input_Password_password'

2023-03-01 18:53:57 - [MESSAGE][PASSED] - Text ****** has been set on object 'Object Repository/Page_OrangeHRM/input_Password_password'

2023-03-01 18:53:57 - [TEST_STEP][PASSED] - click(findTestObject("Object Repository/Page_OrangeHRM/button_Login")): Object: 'Object Repository/Page_OrangeHRM/button_Login' is clicked on

2023-03-01 18:53:58 - [MESSAGE][PASSED] - Object: 'Object Repository/Page_OrangeHRM/button_Login' is clicked on

2023-03-01 18:53:58 - [TEST_STEP][PASSED] - closeBrowser(): Browser is closed

2023-03-01 18:53:58 - [MESSAGE][PASSED] - Browser is closed]]></system-out>
         <system-err><![CDATA[]]></system-err>
      </testcase>
      <system-out><![CDATA[2023-03-01 18:53:22 - [TEST_SUITE][PASSED] - TestSuit 1: Test Cases/Demo/Script Mode]]></system-out>
      <system-err><![CDATA[]]></system-err>
   </testsuite>
</testsuites>
