<?xml version="1.0" encoding="UTF-8"?>
<testsuites name="TestSuitDemo2" time="20.029" tests="1" failures="0" errors="0">
   <testsuite name="TestSuitDemo2" tests="1" failures="0" errors="0" time="20.029" skipped="0" timestamp="2023-03-03 12:03:10" hostname="pumud - 192.168.1.105" id="Test Suites/TestSuitDemo2">
      <properties>
         <property name="deviceName" value=""/>
         <property name="devicePlatform" value=""/>
         <property name="logFolder" value="C:\\Users\\pumud\\OneDrive\\Documents\\Katalon studio\\TrainingProject\\Reports\\20230303_120306\\TestSuitDemo2\\20230303_120306"/>
         <property name="logFiles" value="C:\\Users\\pumud\\OneDrive\\Documents\\Katalon studio\\TrainingProject\\Reports\\20230303_120306\\TestSuitDemo2\\20230303_120306\\execution0.log"/>
         <property name="attachments" value=""/>
         <property name="hostName" value="pumud - 192.168.1.105"/>
         <property name="os" value="Windows 10 64bit"/>
         <property name="katalonVersion" value="8.5.5.208"/>
         <property name="browser" value="Chrome 110.0.0.0"/>
         <property name="hostAddress" value="192.168.1.105"/>
         <property name="sessionId" value="2efe0a91dfcb577b71e97514be297d1e"/>
         <property name="seleniumVersion" value="3.141.59"/>
         <property name="proxyInformation" value="ProxyInformation { proxyOption=NO_PROXY, proxyServerType=HTTP, username=, password=********, proxyServerAddress=, proxyServerPort=0, executionList=&quot;&quot;, isApplyToDesiredCapabilities=true }"/>
         <property name="platform" value="Windows 10"/>
      </properties>
      <testcase name="Test Cases/Demo/Record Mode" time="19.76" classname="Test Cases/Demo/Record Mode" status="PASSED">
         <system-out><![CDATA[2023-03-03 12:03:10 - [TEST_CASE][PASSED] - Test Cases/Demo/Record Mode: Test Cases/Demo/Record Mode

2023-03-03 12:03:10 - [TEST_STEP][PASSED] - openBrowser(""): Browser is opened with url: ''

2023-03-03 12:03:11 - [MESSAGE][INFO] - Starting 'Chrome' driver

2023-03-03 12:03:11 - [MESSAGE][INFO] - Action delay is set to 0 milliseconds

2023-03-03 12:03:13 - [MESSAGE][PASSED] - Browser is opened with url: ''

2023-03-03 12:03:13 - [TEST_STEP][PASSED] - navigateToUrl("https://katalon-demo-cura.herokuapp.com/"): Navigate to 'https://katalon-demo-cura.herokuapp.com/' successfully

2023-03-03 12:03:17 - [MESSAGE][PASSED] - Navigate to 'https://katalon-demo-cura.herokuapp.com/' successfully

2023-03-03 12:03:17 - [TEST_STEP][PASSED] - click(findTestObject("Object Repository/Page_CURA Healthcare Service/a_Make Appointment")): Object: 'Object Repository/Page_CURA Healthcare Service/a_Make Appointment' is clicked on

2023-03-03 12:03:19 - [MESSAGE][PASSED] - Object: 'Object Repository/Page_CURA Healthcare Service/a_Make Appointment' is clicked on

2023-03-03 12:03:19 - [TEST_STEP][PASSED] - setText(findTestObject("Object Repository/Page_CURA Healthcare Service/input_Username_username"), "John Doe"): Text 'John Doe' is set on object 'Object Repository/Page_CURA Healthcare Service/input_Username_username'

2023-03-03 12:03:20 - [MESSAGE][PASSED] - Text 'John Doe' is set on object 'Object Repository/Page_CURA Healthcare Service/input_Username_username'

2023-03-03 12:03:20 - [TEST_STEP][PASSED] - setEncryptedText(findTestObject("Object Repository/Page_CURA Healthcare Service/input_Password_password"), "g3/DOGG74jC3Flrr3yH+3D/yKbOqqUNM"): Text ****** has been set on object 'Object Repository/Page_CURA Healthcare Service/input_Password_password'

2023-03-03 12:03:20 - [MESSAGE][PASSED] - Text ****** has been set on object 'Object Repository/Page_CURA Healthcare Service/input_Password_password'

2023-03-03 12:03:20 - [TEST_STEP][PASSED] - click(findTestObject("Object Repository/Page_CURA Healthcare Service/button_Login")): Object: 'Object Repository/Page_CURA Healthcare Service/button_Login' is clicked on

2023-03-03 12:03:22 - [MESSAGE][PASSED] - Object: 'Object Repository/Page_CURA Healthcare Service/button_Login' is clicked on

2023-03-03 12:03:22 - [TEST_STEP][PASSED] - selectOptionByValue(findTestObject("Object Repository/Page_CURA Healthcare Service/select_Tokyo CURA Healthcare Center        _5b4107"), "Hongkong CURA Healthcare Center", true): All options with value 'Hongkong CURA Healthcare Center' are selected in object 'Object Repository/Page_CURA Healthcare Service/select_Tokyo CURA Healthcare Center        _5b4107'  using regular expression

2023-03-03 12:03:23 - [MESSAGE][PASSED] - All options with value 'Hongkong CURA Healthcare Center' are selected in object 'Object Repository/Page_CURA Healthcare Service/select_Tokyo CURA Healthcare Center        _5b4107'  using regular expression

2023-03-03 12:03:23 - [TEST_STEP][PASSED] - click(findTestObject("Object Repository/Page_CURA Healthcare Service/input_Apply for hospital readmission_hospit_63901f")): Object: 'Object Repository/Page_CURA Healthcare Service/input_Apply for hospital readmission_hospit_63901f' is clicked on

2023-03-03 12:03:24 - [MESSAGE][PASSED] - Object: 'Object Repository/Page_CURA Healthcare Service/input_Apply for hospital readmission_hospit_63901f' is clicked on

2023-03-03 12:03:24 - [TEST_STEP][PASSED] - click(findTestObject("Object Repository/Page_CURA Healthcare Service/input_Medicaid_programs")): Object: 'Object Repository/Page_CURA Healthcare Service/input_Medicaid_programs' is clicked on

2023-03-03 12:03:24 - [MESSAGE][PASSED] - Object: 'Object Repository/Page_CURA Healthcare Service/input_Medicaid_programs' is clicked on

2023-03-03 12:03:24 - [TEST_STEP][PASSED] - click(findTestObject("Object Repository/Page_CURA Healthcare Service/span_Visit Date (Required)_glyphicon glyphi_cada34")): Object: 'Object Repository/Page_CURA Healthcare Service/span_Visit Date (Required)_glyphicon glyphi_cada34' is clicked on

2023-03-03 12:03:25 - [MESSAGE][PASSED] - Object: 'Object Repository/Page_CURA Healthcare Service/span_Visit Date (Required)_glyphicon glyphi_cada34' is clicked on

2023-03-03 12:03:25 - [TEST_STEP][PASSED] - click(findTestObject("Object Repository/Page_CURA Healthcare Service/td_16")): Object: 'Object Repository/Page_CURA Healthcare Service/td_16' is clicked on

2023-03-03 12:03:25 - [MESSAGE][PASSED] - Object: 'Object Repository/Page_CURA Healthcare Service/td_16' is clicked on

2023-03-03 12:03:25 - [TEST_STEP][PASSED] - setText(findTestObject("Object Repository/Page_CURA Healthcare Service/textarea_Comment_comment"), "sample comment"): Text 'sample comment' is set on object 'Object Repository/Page_CURA Healthcare Service/textarea_Comment_comment'

2023-03-03 12:03:26 - [MESSAGE][PASSED] - Text 'sample comment' is set on object 'Object Repository/Page_CURA Healthcare Service/textarea_Comment_comment'

2023-03-03 12:03:26 - [TEST_STEP][PASSED] - click(findTestObject("Object Repository/Page_CURA Healthcare Service/button_Book Appointment")): Object: 'Object Repository/Page_CURA Healthcare Service/button_Book Appointment' is clicked on

2023-03-03 12:03:28 - [MESSAGE][PASSED] - Object: 'Object Repository/Page_CURA Healthcare Service/button_Book Appointment' is clicked on

2023-03-03 12:03:28 - [TEST_STEP][PASSED] - click(findTestObject("Object Repository/Page_CURA Healthcare Service/a_Go to Homepage")): Object: 'Object Repository/Page_CURA Healthcare Service/a_Go to Homepage' is clicked on

2023-03-03 12:03:29 - [MESSAGE][PASSED] - Object: 'Object Repository/Page_CURA Healthcare Service/a_Go to Homepage' is clicked on

2023-03-03 12:03:29 - [TEST_STEP][PASSED] - closeBrowser(): Browser is closed

2023-03-03 12:03:30 - [MESSAGE][PASSED] - Browser is closed]]></system-out>
         <system-err><![CDATA[]]></system-err>
      </testcase>
      <system-out><![CDATA[2023-03-03 12:03:10 - [TEST_SUITE][PASSED] - TestSuitDemo2: Test Cases/Demo/Record Mode]]></system-out>
      <system-err><![CDATA[]]></system-err>
   </testsuite>
</testsuites>
